生成启动时间为 2014/7/26 19:09:41。
     1>项目“d:\用户目录\我的文档\visual studio 2013\Projects\dog\dog\dog.vcxproj”在节点 2 上(Build 个目标)。
     1>ClCompile:
         C:\Program Files (x86)\Microsoft Visual Studio 12.0\VC\bin\CL.exe /c /ZI /nologo /W3 /WX- /sdl /Od /Oy- /D WIN32 /D _DEBUG /D _WINDOWS /D _USRDLL /D DOG_EXPORTS /D _WINDLL /D _UNICODE /D UNICODE /Gm /EHsc /RTC1 /MDd /GS /fp:precise /Zc:wchar_t /Zc:forScope /Fo"Debug\\" /Fd"Debug\vc120.pdb" /Gd /TC /analyze- /errorReport:prompt dog.c
         dog.c
       Link:
         C:\Program Files (x86)\Microsoft Visual Studio 12.0\VC\bin\link.exe /ERRORREPORT:PROMPT /OUT:"d:\用户目录\我的文档\visual studio 2013\Projects\dog\Debug\dog.dll" /INCREMENTAL /NOLOGO kernel32.lib user32.lib gdi32.lib winspool.lib comdlg32.lib advapi32.lib shell32.lib ole32.lib oleaut32.lib uuid.lib odbc32.lib odbccp32.lib /MANIFEST /MANIFESTUAC:"level='asInvoker' uiAccess='false'" /manifest:embed /DEBUG /PDB:"d:\用户目录\我的文档\visual studio 2013\Projects\dog\Debug\dog.pdb" /SUBSYSTEM:WINDOWS /TLBID:1 /DYNAMICBASE /NXCOMPAT /IMPLIB:"d:\用户目录\我的文档\visual studio 2013\Projects\dog\Debug\dog.lib" /MACHINE:X86 /DLL Debug\dog.obj
            正在创建库 d:\用户目录\我的文档\visual studio 2013\Projects\dog\Debug\dog.lib 和对象 d:\用户目录\我的文档\visual studio 2013\Projects\dog\Debug\dog.exp
     1>dog.obj : error LNK2019: 无法解析的外部符号 _wlog，该符号在函数 _KeyboardProc@12 中被引用
     1>d:\用户目录\我的文档\visual studio 2013\Projects\dog\Debug\dog.dll : fatal error LNK1120: 1 个无法解析的外部命令
     1>已完成生成项目“d:\用户目录\我的文档\visual studio 2013\Projects\dog\dog\dog.vcxproj”(Build 个目标)的操作 - 失败。

生成失败。

已用时间 00:00:01.16
